<?xml version="1.0" encoding="UTF-8"?>
<!-- Generated by org.testng.reporters.JUnitXMLReporter -->
<testsuite ignored="1" hostname="CPC-debas-HPLU6" failures="0" tests="1" name="Default test" time="7.938" errors="0" timestamp="2024-06-17T12:08:53 IST">
  <testcase classname="sweetshop.tests.YourBasketPageTest" name="getBasketCountTest" time="0.936"/>
  <testcase classname="sweetshop.tests.YourBasketPageTest" name="addToBasketTest" time="0.0">
    <ignored/>
  </testcase> <!-- addToBasketTest -->
</testsuite> <!-- Default test -->
