<?xml version="1.0" encoding="UTF-8"?>
<!-- Generated by org.testng.reporters.JUnitXMLReporter -->
<testsuite ignored="9" hostname="CPC-debas-HPLU6" failures="0" tests="1" name="Default test" time="4.873" errors="0" timestamp="2024-06-28T11:43:47 IST">
  <testcase classname="sweetshop.tests.YourBasketPageTest" name="addToBasketTest" time="0.496"/>
  <testcase classname="sweetshop.tests.YourBasketPageTest" name="isBillingAdressHeaderAvailableTest" time="0.0">
    <ignored/>
  </testcase> <!-- isBillingAdressHeaderAvailableTest -->
  <testcase classname="sweetshop.tests.YourBasketPageTest" name="getBasketCountTest" time="0.0">
    <ignored/>
  </testcase> <!-- getBasketCountTest -->
  <testcase classname="sweetshop.tests.YourBasketPageTest" name="emptyBasketAlertTextTest" time="0.0">
    <ignored/>
  </testcase> <!-- emptyBasketAlertTextTest -->
  <testcase classname="sweetshop.tests.YourBasketPageTest" name="getPageHeaderTest" time="0.0">
    <ignored/>
  </testcase> <!-- getPageHeaderTest -->
  <testcase classname="sweetshop.tests.YourBasketPageTest" name="getItemsMapData" time="0.0">
    <ignored/>
  </testcase> <!-- getItemsMapData -->
  <testcase classname="sweetshop.tests.YourBasketPageTest" name="emptyBasketTest" time="0.0">
    <ignored/>
  </testcase> <!-- emptyBasketTest -->
  <testcase classname="sweetshop.tests.YourBasketPageTest" name="isYourBasketHeaderAvailableTest" time="0.0">
    <ignored/>
  </testcase> <!-- isYourBasketHeaderAvailableTest -->
  <testcase classname="sweetshop.tests.YourBasketPageTest" name="dismissEmptyBasketAlertTest" time="0.0">
    <ignored/>
  </testcase> <!-- dismissEmptyBasketAlertTest -->
  <testcase classname="sweetshop.tests.YourBasketPageTest" name="getCheckOrderTextTest" time="0.0">
    <ignored/>
  </testcase> <!-- getCheckOrderTextTest -->
</testsuite> <!-- Default test -->
