<?xml version="1.0" encoding="UTF-8"?>
<!-- Generated by org.testng.reporters.JUnitXMLReporter -->
<testsuite ignored="0" hostname="CPC-debas-HPLU6" failures="0" tests="5" name="Browse Sweets Page Test" time="11.194" errors="0" timestamp="2024-06-17T12:31:10 IST">
  <testcase classname="sweetshop.tests.BrowseSweetsPageTest" name="addItemToBasketTest" time="0.185"/>
  <testcase classname="sweetshop.tests.BrowseSweetsPageTest" name="addItemToBasketTest" time="0.124"/>
  <testcase classname="sweetshop.tests.BrowseSweetsPageTest" name="addItemToBasketTest" time="0.073"/>
  <testcase classname="sweetshop.tests.BrowseSweetsPageTest" name="addItemToBasketTest" time="0.111"/>
  <testcase classname="sweetshop.tests.BrowseSweetsPageTest" name="getPageHeaderTest" time="0.027"/>
</testsuite> <!-- Browse Sweets Page Test -->
