<?xml version="1.0" encoding="UTF-8"?>
<!-- Generated by org.testng.reporters.JUnitXMLReporter -->
<testsuite ignored="0" hostname="CPC-debas-HPLU6" failures="0" tests="5" name="Browse Sweets Page Test" time="3.444" errors="0" timestamp="2024-06-24T14:00:21 IST">
  <testcase classname="sweetshop.tests.BrowseSweetsPageTest" name="getPageHeaderTest" time="0.03"/>
  <testcase classname="sweetshop.tests.BrowseSweetsPageTest" name="addItemToBasketTest" time="0.075"/>
  <testcase classname="sweetshop.tests.BrowseSweetsPageTest" name="addItemToBasketTest" time="0.057"/>
  <testcase classname="sweetshop.tests.BrowseSweetsPageTest" name="addItemToBasketTest" time="0.052"/>
  <testcase classname="sweetshop.tests.BrowseSweetsPageTest" name="addItemToBasketTest" time="0.056"/>
</testsuite> <!-- Browse Sweets Page Test -->
