<?xml version="1.0" encoding="UTF-8"?>
<!-- Generated by org.testng.reporters.JUnitXMLReporter -->
<testsuite ignored="0" hostname="CPC-debas-HPLU6" failures="0" tests="12" name="Home Page Test" time="12.917" errors="0" timestamp="2024-07-22T11:25:13 IST">
  <testcase classname="sweetshop.tests.HomePageTest" name="getBadgeCountTest" time="0.045"/>
  <testcase classname="sweetshop.tests.HomePageTest" name="getPageHeaderP2Test" time="0.035"/>
  <testcase classname="sweetshop.tests.HomePageTest" name="getPageHeaderTest" time="0.024"/>
  <testcase classname="sweetshop.tests.HomePageTest" name="getPageTitleTest" time="0.007"/>
  <testcase classname="sweetshop.tests.HomePageTest" name="getRetroSweetDataMapTest" time="0.152"/>
  <testcase classname="sweetshop.tests.HomePageTest" name="getRetroSweetDataMapTest" time="0.117"/>
  <testcase classname="sweetshop.tests.HomePageTest" name="getRetroSweetDataMapTest" time="0.123"/>
  <testcase classname="sweetshop.tests.HomePageTest" name="getRetroSweetsHeaderTest" time="0.028"/>
  <testcase classname="sweetshop.tests.HomePageTest" name="isFooterTextAvailableTest" time="0.017"/>
  <testcase classname="sweetshop.tests.HomePageTest" name="isH2HeaderVisibleTest" time="0.022"/>
  <testcase classname="sweetshop.tests.HomePageTest" name="isSalesImageAvailableTest" time="0.023"/>
  <testcase classname="sweetshop.tests.HomePageTest" name="logoAvailableTest" time="0.02"/>
</testsuite> <!-- Home Page Test -->
