<?xml version="1.0" encoding="UTF-8"?>
<!-- Generated by org.testng.reporters.JUnitXMLReporter -->
<testsuite ignored="0" hostname="CPC-debas-HPLU6" failures="0" tests="12" name="Home Page Test" time="4.161" errors="0" timestamp="2024-06-24T14:00:18 IST">
  <testcase classname="sweetshop.tests.HomePageTest" name="getPageTitleTest" time="0.089"/>
  <testcase classname="sweetshop.tests.HomePageTest" name="logoAvailableTest" time="0.105"/>
  <testcase classname="sweetshop.tests.HomePageTest" name="getBadgeCountTest" time="0.116"/>
  <testcase classname="sweetshop.tests.HomePageTest" name="getPageHeaderP2Test" time="0.131"/>
  <testcase classname="sweetshop.tests.HomePageTest" name="isFooterTextAvailableTest" time="0.139"/>
  <testcase classname="sweetshop.tests.HomePageTest" name="getRetroSweetsHeaderTest" time="0.147"/>
  <testcase classname="sweetshop.tests.HomePageTest" name="isSalesImageAvailableTest" time="0.154"/>
  <testcase classname="sweetshop.tests.HomePageTest" name="getPageHeaderTest" time="0.162"/>
  <testcase classname="sweetshop.tests.HomePageTest" name="isH2HeaderVisibleTest" time="0.17"/>
  <testcase classname="sweetshop.tests.HomePageTest" name="getRetroSweetDataMapTest" time="0.278"/>
  <testcase classname="sweetshop.tests.HomePageTest" name="getRetroSweetDataMapTest" time="0.122"/>
  <testcase classname="sweetshop.tests.HomePageTest" name="getRetroSweetDataMapTest" time="0.103"/>
</testsuite> <!-- Home Page Test -->
