<?xml version="1.0" encoding="UTF-8"?>
<!-- Generated by org.testng.reporters.JUnitXMLReporter -->
<testsuite ignored="0" hostname="CPC-debas-HPLU6" failures="0" tests="11" name="Login Page Test" time="4.956" errors="0" timestamp="2024-06-24T11:47:34 IST">
  <testcase classname="sweetshop.tests.HomePageTest" name="getBadgeCountTest" time="0.038"/>
  <testcase classname="sweetshop.tests.HomePageTest" name="getPageHeaderP2Test" time="0.025"/>
  <testcase classname="sweetshop.tests.HomePageTest" name="getPageHeaderTest" time="0.018"/>
  <testcase classname="sweetshop.tests.HomePageTest" name="getPageTitleTest" time="0.006"/>
  <testcase classname="sweetshop.tests.HomePageTest" name="getRetroSweetDataMapTest" time="0.234"/>
  <testcase classname="sweetshop.tests.HomePageTest" name="getRetroSweetDataMapTest" time="0.158"/>
  <testcase classname="sweetshop.tests.HomePageTest" name="getRetroSweetDataMapTest" time="0.155"/>
  <testcase classname="sweetshop.tests.HomePageTest" name="getRetroSweetsHeaderTest" time="0.033"/>
  <testcase classname="sweetshop.tests.HomePageTest" name="isH2HeaderVisibleTest" time="0.023"/>
  <testcase classname="sweetshop.tests.HomePageTest" name="isSalesImageAvailableTest" time="0.032"/>
  <testcase classname="sweetshop.tests.HomePageTest" name="logoAvailableTest" time="0.032"/>
</testsuite> <!-- Login Page Test -->
