<?xml version="1.0" encoding="UTF-8"?>
<!-- Generated by org.testng.reporters.JUnitXMLReporter -->
<testsuite ignored="0" hostname="CPC-debas-HPLU6" failures="1" tests="9" name="Your Basket Page Test" time="18.6" errors="0" timestamp="2024-06-17T12:31:17 IST">
  <testcase classname="sweetshop.tests.YourBasketPageTest" name="addToBasketTest" time="1.722"/>
  <testcase classname="sweetshop.tests.YourBasketPageTest" name="dismissEmptyBasketAlertTest" time="0.951"/>
  <testcase classname="sweetshop.tests.YourBasketPageTest" name="emptyBasketAlertTextTest" time="0.769"/>
  <testcase classname="sweetshop.tests.YourBasketPageTest" name="emptyBasketTest" time="0.851"/>
  <testcase classname="sweetshop.tests.YourBasketPageTest" name="getBasketCountTest" time="0.76">
    <failure type="java.lang.AssertionError" message="expected [0] but found [4]">
      <![CDATA[java.lang.AssertionError: expected [0] but found [4]
at org.testng.Assert.fail(Assert.java:111)
at org.testng.Assert.failNotEquals(Assert.java:1578)
at org.testng.Assert.assertEqualsImpl(Assert.java:150)
at org.testng.Assert.assertEquals(Assert.java:132)
at org.testng.Assert.assertEquals(Assert.java:1419)
at org.testng.Assert.assertEquals(Assert.java:1383)
at org.testng.Assert.assertEquals(Assert.java:1429)
at sweetshop.tests.YourBasketPageTest.getBasketCountTest(YourBasketPageTest.java:96)
at java.base/jdk.internal.reflect.DirectMethodHandleAccessor.invoke(DirectMethodHandleAccessor.java:103)
at java.base/java.lang.reflect.Method.invoke(Method.java:580)
at org.testng.internal.invokers.MethodInvocationHelper.invokeMethod(MethodInvocationHelper.java:141)
at org.testng.internal.invokers.TestInvoker.invokeMethod(TestInvoker.java:686)
at org.testng.internal.invokers.TestInvoker.invokeTestMethod(TestInvoker.java:230)
at org.testng.internal.invokers.MethodRunner.runInSequence(MethodRunner.java:63)
at org.testng.internal.invokers.TestInvoker$MethodInvocationAgent.invoke(TestInvoker.java:992)
at org.testng.internal.invokers.TestInvoker.invokeTestMethods(TestInvoker.java:203)
at org.testng.internal.invokers.TestMethodWorker.invokeTestMethods(TestMethodWorker.java:154)
at org.testng.internal.invokers.TestMethodWorker.run(TestMethodWorker.java:134)
at java.base/java.util.ArrayList.forEach(ArrayList.java:1596)
at org.testng.TestRunner.privateRun(TestRunner.java:739)
at org.testng.TestRunner.run(TestRunner.java:614)
at org.testng.SuiteRunner.runTest(SuiteRunner.java:421)
at org.testng.SuiteRunner$SuiteWorker.run(SuiteRunner.java:463)
at org.testng.internal.thread.ThreadUtil.lambda$execute$0(ThreadUtil.java:64)
at java.base/java.util.concurrent.FutureTask.run(FutureTask.java:317)
at java.base/java.util.concurrent.ThreadPoolExecutor.runWorker(ThreadPoolExecutor.java:1144)
at java.base/java.util.concurrent.ThreadPoolExecutor$Worker.run(ThreadPoolExecutor.java:642)
at java.base/java.lang.Thread.run(Thread.java:1583)
]]>
    </failure>
  </testcase> <!-- getBasketCountTest -->
  <testcase classname="sweetshop.tests.YourBasketPageTest" name="getCheckOrderTextTest" time="0.842"/>
  <testcase classname="sweetshop.tests.YourBasketPageTest" name="getPageHeaderTest" time="0.765"/>
  <testcase classname="sweetshop.tests.YourBasketPageTest" name="isBillingAdressHeaderAvailableTest" time="0.71"/>
  <testcase classname="sweetshop.tests.YourBasketPageTest" name="isYourBasketHeaderAvailableTest" time="0.726"/>
</testsuite> <!-- Your Basket Page Test -->
