<?xml version="1.0" encoding="UTF-8"?>
<testng-results ignored="0" total="3" passed="3" failed="0" skipped="0">
  <reporter-output>
  </reporter-output>
  <suite started-at="2024-06-11T12:17:06 IST" name="Default suite" finished-at="2024-06-11T12:17:14 IST" duration-ms="7982">
    <groups>
    </groups>
    <test started-at="2024-06-11T12:17:06 IST" name="Default test" finished-at="2024-06-11T12:17:14 IST" duration-ms="7982">
      <class name="sweetshop.tests.HomePageTest">
        <test-method is-config="true" signature="init()[pri:0, instance:sweetshop.tests.HomePageTest@776aec5c]" started-at="2024-06-11T12:17:06 IST" name="init" finished-at="2024-06-11T12:17:13 IST" duration-ms="7519" status="PASS">
          <reporter-output>
          </reporter-output>
        </test-method> <!-- init -->
        <test-method signature="getRetroSweetDataMapTest(java.lang.String,java.lang.String,java.lang.String)[pri:0, instance:sweetshop.tests.HomePageTest@776aec5c]" started-at="2024-06-11T12:17:14 IST" name="getRetroSweetDataMapTest" data-provider="retrosweetdata" finished-at="2024-06-11T12:17:14 IST" duration-ms="165" status="PASS">
          <params>
            <param index="0">
              <value>
                <![CDATA[Bon Bons]]>
              </value>
            </param>
            <param index="1">
              <value>
                <![CDATA[Pink Strawberry Bonbons - sugar dusted, strawberry flavoured chewy sweets.]]>
              </value>
            </param>
            <param index="2">
              <value>
                <![CDATA[£1.00]]>
              </value>
            </param>
          </params>
          <reporter-output>
          </reporter-output>
        </test-method> <!-- getRetroSweetDataMapTest -->
        <test-method signature="getRetroSweetDataMapTest(java.lang.String,java.lang.String,java.lang.String)[pri:0, instance:sweetshop.tests.HomePageTest@776aec5c]" started-at="2024-06-11T12:17:14 IST" name="getRetroSweetDataMapTest" data-provider="retrosweetdata" finished-at="2024-06-11T12:17:14 IST" duration-ms="128" status="PASS">
          <params>
            <param index="0">
              <value>
                <![CDATA[Chocolate Cups]]>
              </value>
            </param>
            <param index="1">
              <value>
                <![CDATA[Candy Chocolate Cups.]]>
              </value>
            </param>
            <param index="2">
              <value>
                <![CDATA[£1.00]]>
              </value>
            </param>
          </params>
          <reporter-output>
          </reporter-output>
        </test-method> <!-- getRetroSweetDataMapTest -->
        <test-method signature="getRetroSweetDataMapTest(java.lang.String,java.lang.String,java.lang.String)[pri:0, instance:sweetshop.tests.HomePageTest@776aec5c]" started-at="2024-06-11T12:17:14 IST" name="getRetroSweetDataMapTest" data-provider="retrosweetdata" finished-at="2024-06-11T12:17:14 IST" duration-ms="124" status="PASS">
          <params>
            <param index="0">
              <value>
                <![CDATA[Sherbert Discs]]>
              </value>
            </param>
            <param index="1">
              <value>
                <![CDATA[UFO's Sherbert Filled Flying Saucers.]]>
              </value>
            </param>
            <param index="2">
              <value>
                <![CDATA[£0.95]]>
              </value>
            </param>
          </params>
          <reporter-output>
          </reporter-output>
        </test-method> <!-- getRetroSweetDataMapTest -->
        <test-method is-config="true" signature="teardown()[pri:0, instance:sweetshop.tests.HomePageTest@776aec5c]" started-at="2024-06-11T12:17:14 IST" name="teardown" finished-at="2024-06-11T12:17:14 IST" duration-ms="0" status="PASS">
          <reporter-output>
          </reporter-output>
        </test-method> <!-- teardown -->
      </class> <!-- sweetshop.tests.HomePageTest -->
    </test> <!-- Default test -->
  </suite> <!-- Default suite -->
</testng-results>
